[2020-09-28 11:23:21.662] [sharedprocess] [info] main {"machineId":"ee6e17f488449d4d805bc1bc3d57a5da9a275d3386a064131eef3b421cf72729","windowId":2}
[2020-09-28 11:23:25.501] [sharedprocess] [info] Installing extension: pkief.material-icon-theme
[2020-09-28 11:23:25.504] [sharedprocess] [info] Installing extension: vscodevim.vim
[2020-09-28 11:23:26.382] [sharedprocess] [info] Downloaded extension: pkief.material-icon-theme /home/renan/.config/Code/CachedExtensionVSIXs/pkief.material-icon-theme-4.3.0
[2020-09-28 11:23:27.383] [sharedprocess] [info] Extracted extension to /home/renan/.vscode/extensions/.pkief.material-icon-theme-4.3.0: pkief.material-icon-theme
[2020-09-28 11:23:27.383] [sharedprocess] [info] Renamed to /home/renan/.vscode/extensions/pkief.material-icon-theme-4.3.0
[2020-09-28 11:23:27.384] [sharedprocess] [info] Installation completed. pkief.material-icon-theme
[2020-09-28 11:23:27.482] [sharedprocess] [info] Extensions installed successfully: pkief.material-icon-theme
[2020-09-28 11:23:31.100] [sharedprocess] [info] Downloaded extension: vscodevim.vim /home/renan/.config/Code/CachedExtensionVSIXs/vscodevim.vim-1.17.1
[2020-09-28 11:23:31.289] [sharedprocess] [info] Extracted extension to /home/renan/.vscode/extensions/.vscodevim.vim-1.17.1: vscodevim.vim
[2020-09-28 11:23:31.289] [sharedprocess] [info] Renamed to /home/renan/.vscode/extensions/vscodevim.vim-1.17.1
[2020-09-28 11:23:31.291] [sharedprocess] [info] Installation completed. vscodevim.vim
[2020-09-28 11:23:31.441] [sharedprocess] [info] Extensions installed successfully: vscodevim.vim
[2020-09-28 11:24:01.677] [sharedprocess] [info] Starting to clean up unused language packs.
[2020-09-28 11:24:30.470] [sharedprocess] [info] Installing extension: ritwickdey.liveserver
[2020-09-28 11:24:31.137] [sharedprocess] [info] Downloaded extension: ritwickdey.liveserver /home/renan/.config/Code/CachedExtensionVSIXs/ritwickdey.liveserver-5.6.1
[2020-09-28 11:24:34.439] [sharedprocess] [info] Extracted extension to /home/renan/.vscode/extensions/.ritwickdey.liveserver-5.6.1: ritwickdey.liveserver
[2020-09-28 11:24:34.439] [sharedprocess] [info] Renamed to /home/renan/.vscode/extensions/ritwickdey.liveserver-5.6.1
[2020-09-28 11:24:34.442] [sharedprocess] [info] Installation completed. ritwickdey.liveserver
[2020-09-28 11:24:34.513] [sharedprocess] [info] Extensions installed successfully: ritwickdey.liveserver
